<?xml version="1.0" encoding="UTF-8"?>
<robot generator="Robot 4.1.2 (Python 3.8.10 on linux)" generated="20211122 16:11:56.230" rpa="false" schemaversion="2">
<suite id="s1" name="Tests" source="/home/lehtonep/Documents/OhTu/laskarit/ohtu-tehtavat/viikko3/hello-robot/src/tests">
<suite id="s1-s1" name="Increase Counter" source="/home/lehtonep/Documents/OhTu/laskarit/ohtu-tehtavat/viikko3/hello-robot/src/tests/increase_counter.robot">
<test id="s1-s1-t1" name="Increase Counter Once">
<kw name="Counter Value Should Be" library="CounterLibrary">
<arg>0</arg>
<status status="PASS" starttime="20211122 16:11:56.250" endtime="20211122 16:11:56.250"/>
</kw>
<kw name="Increase Counter" library="CounterLibrary">
<status status="PASS" starttime="20211122 16:11:56.250" endtime="20211122 16:11:56.250"/>
</kw>
<kw name="Counter Value Should Be" library="CounterLibrary">
<arg>1</arg>
<status status="PASS" starttime="20211122 16:11:56.250" endtime="20211122 16:11:56.250"/>
</kw>
<status status="PASS" starttime="20211122 16:11:56.249" endtime="20211122 16:11:56.251"/>
</test>
<test id="s1-s1-t2" name="Increase Counter Many Times">
<kw name="Counter Value Should Be" library="CounterLibrary">
<arg>0</arg>
<status status="PASS" starttime="20211122 16:11:56.251" endtime="20211122 16:11:56.251"/>
</kw>
<kw name="Increase Counter" library="CounterLibrary">
<status status="PASS" starttime="20211122 16:11:56.251" endtime="20211122 16:11:56.252"/>
</kw>
<kw name="Increase Counter" library="CounterLibrary">
<status status="PASS" starttime="20211122 16:11:56.252" endtime="20211122 16:11:56.252"/>
</kw>
<kw name="Increase Counter" library="CounterLibrary">
<status status="PASS" starttime="20211122 16:11:56.252" endtime="20211122 16:11:56.252"/>
</kw>
<kw name="Counter Value Should Be" library="CounterLibrary">
<arg>3</arg>
<status status="PASS" starttime="20211122 16:11:56.252" endtime="20211122 16:11:56.252"/>
</kw>
<status status="PASS" starttime="20211122 16:11:56.251" endtime="20211122 16:11:56.252"/>
</test>
<test id="s1-s1-t3" name="Increment Counter By Amount">
<kw name="Counter Value Should Be" library="CounterLibrary">
<arg>0</arg>
<status status="PASS" starttime="20211122 16:11:56.253" endtime="20211122 16:11:56.253"/>
</kw>
<kw name="Increment Counter By" library="CounterLibrary">
<arg>5</arg>
<status status="PASS" starttime="20211122 16:11:56.253" endtime="20211122 16:11:56.253"/>
</kw>
<kw name="Counter Value Should Be" library="CounterLibrary">
<arg>5</arg>
<status status="PASS" starttime="20211122 16:11:56.253" endtime="20211122 16:11:56.253"/>
</kw>
<status status="PASS" starttime="20211122 16:11:56.252" endtime="20211122 16:11:56.253"/>
</test>
<status status="PASS" starttime="20211122 16:11:56.246" endtime="20211122 16:11:56.254"/>
</suite>
<suite id="s1-s2" name="Reset Counter" source="/home/lehtonep/Documents/OhTu/laskarit/ohtu-tehtavat/viikko3/hello-robot/src/tests/reset_counter.robot">
<test id="s1-s2-t1" name="Reset Counter After One Increment">
<kw name="Counter Value Should Be" library="CounterLibrary">
<arg>0</arg>
<status status="PASS" starttime="20211122 16:11:56.256" endtime="20211122 16:11:56.256"/>
</kw>
<kw name="Increase Counter" library="CounterLibrary">
<status status="PASS" starttime="20211122 16:11:56.257" endtime="20211122 16:11:56.257"/>
</kw>
<kw name="Counter Value Should Be" library="CounterLibrary">
<arg>1</arg>
<status status="PASS" starttime="20211122 16:11:56.257" endtime="20211122 16:11:56.257"/>
</kw>
<kw name="Reset Counter" library="CounterLibrary">
<status status="PASS" starttime="20211122 16:11:56.257" endtime="20211122 16:11:56.257"/>
</kw>
<kw name="Counter Value Should Be" library="CounterLibrary">
<arg>0</arg>
<status status="PASS" starttime="20211122 16:11:56.257" endtime="20211122 16:11:56.257"/>
</kw>
<status status="PASS" starttime="20211122 16:11:56.256" endtime="20211122 16:11:56.257"/>
</test>
<test id="s1-s2-t2" name="Reset Counter After Several Increments">
<kw name="Counter Value Should Be" library="CounterLibrary">
<arg>0</arg>
<status status="PASS" starttime="20211122 16:11:56.258" endtime="20211122 16:11:56.259"/>
</kw>
<kw name="Increment Counter By" library="CounterLibrary">
<arg>5</arg>
<status status="PASS" starttime="20211122 16:11:56.259" endtime="20211122 16:11:56.259"/>
</kw>
<kw name="Counter Value Should Be" library="CounterLibrary">
<arg>5</arg>
<status status="PASS" starttime="20211122 16:11:56.259" endtime="20211122 16:11:56.259"/>
</kw>
<kw name="Reset Counter" library="CounterLibrary">
<status status="PASS" starttime="20211122 16:11:56.259" endtime="20211122 16:11:56.259"/>
</kw>
<kw name="Counter Value Should Be" library="CounterLibrary">
<arg>0</arg>
<status status="PASS" starttime="20211122 16:11:56.259" endtime="20211122 16:11:56.260"/>
</kw>
<status status="PASS" starttime="20211122 16:11:56.258" endtime="20211122 16:11:56.260"/>
</test>
<status status="PASS" starttime="20211122 16:11:56.254" endtime="20211122 16:11:56.260"/>
</suite>
<status status="PASS" starttime="20211122 16:11:56.231" endtime="20211122 16:11:56.261"/>
</suite>
<statistics>
<total>
<stat pass="5" fail="0" skip="0">All Tests</stat>
</total>
<tag>
</tag>
<suite>
<stat pass="5" fail="0" skip="0" id="s1" name="Tests">Tests</stat>
<stat pass="3" fail="0" skip="0" id="s1-s1" name="Increase Counter">Tests.Increase Counter</stat>
<stat pass="2" fail="0" skip="0" id="s1-s2" name="Reset Counter">Tests.Reset Counter</stat>
</suite>
</statistics>
<errors>
</errors>
</robot>
