<?xml version="1.0" encoding="UTF-8"?>
<robot generator="Robot 4.1.2 (Python 3.8.10 on linux)" generated="20211122 16:51:45.399" rpa="false" schemaversion="2">
<suite id="s1" name="Tests" source="/home/lehtonep/Documents/OhTu/laskarit/ohtu-tehtavat/viikko3/login-robot/src/tests">
<suite id="s1-s1" name="Login" source="/home/lehtonep/Documents/OhTu/laskarit/ohtu-tehtavat/viikko3/login-robot/src/tests/login.robot">
<test id="s1-s1-t1" name="Login With Correct Credentials">
<kw name="Create User And Input Login Command" type="SETUP">
<kw name="Create User" library="AppLibrary">
<arg>kalle</arg>
<arg>kalle123</arg>
<status status="PASS" starttime="20211122 16:51:45.419" endtime="20211122 16:51:45.419"/>
</kw>
<kw name="Input Login Command" library="resource">
<kw name="Input" library="AppLibrary">
<arg>login</arg>
<status status="PASS" starttime="20211122 16:51:45.419" endtime="20211122 16:51:45.419"/>
</kw>
<status status="PASS" starttime="20211122 16:51:45.419" endtime="20211122 16:51:45.420"/>
</kw>
<status status="PASS" starttime="20211122 16:51:45.419" endtime="20211122 16:51:45.420"/>
</kw>
<kw name="Input Credentials" library="resource">
<arg>kalle</arg>
<arg>kalle123</arg>
<kw name="Input" library="AppLibrary">
<arg>${username}</arg>
<status status="PASS" starttime="20211122 16:51:45.420" endtime="20211122 16:51:45.420"/>
</kw>
<kw name="Input" library="AppLibrary">
<arg>${password}</arg>
<status status="PASS" starttime="20211122 16:51:45.420" endtime="20211122 16:51:45.421"/>
</kw>
<kw name="Run Application" library="AppLibrary">
<status status="PASS" starttime="20211122 16:51:45.421" endtime="20211122 16:51:45.421"/>
</kw>
<status status="PASS" starttime="20211122 16:51:45.420" endtime="20211122 16:51:45.421"/>
</kw>
<kw name="Output Should Contain" library="AppLibrary">
<arg>Logged in</arg>
<status status="PASS" starttime="20211122 16:51:45.421" endtime="20211122 16:51:45.421"/>
</kw>
<status status="PASS" starttime="20211122 16:51:45.418" endtime="20211122 16:51:45.421"/>
</test>
<test id="s1-s1-t2" name="Login With Nonexistent Username">
<kw name="Create User And Input Login Command" type="SETUP">
<kw name="Create User" library="AppLibrary">
<arg>kalle</arg>
<arg>kalle123</arg>
<status status="PASS" starttime="20211122 16:51:45.422" endtime="20211122 16:51:45.422"/>
</kw>
<kw name="Input Login Command" library="resource">
<kw name="Input" library="AppLibrary">
<arg>login</arg>
<status status="PASS" starttime="20211122 16:51:45.423" endtime="20211122 16:51:45.423"/>
</kw>
<status status="PASS" starttime="20211122 16:51:45.422" endtime="20211122 16:51:45.423"/>
</kw>
<status status="PASS" starttime="20211122 16:51:45.422" endtime="20211122 16:51:45.423"/>
</kw>
<kw name="Input Credentials" library="resource">
<arg>petteri</arg>
<arg>punakuono</arg>
<kw name="Input" library="AppLibrary">
<arg>${username}</arg>
<status status="PASS" starttime="20211122 16:51:45.423" endtime="20211122 16:51:45.423"/>
</kw>
<kw name="Input" library="AppLibrary">
<arg>${password}</arg>
<status status="PASS" starttime="20211122 16:51:45.423" endtime="20211122 16:51:45.424"/>
</kw>
<kw name="Run Application" library="AppLibrary">
<status status="PASS" starttime="20211122 16:51:45.424" endtime="20211122 16:51:45.424"/>
</kw>
<status status="PASS" starttime="20211122 16:51:45.423" endtime="20211122 16:51:45.424"/>
</kw>
<kw name="Output Should Contain" library="AppLibrary">
<arg>Invalid username or password</arg>
<status status="PASS" starttime="20211122 16:51:45.424" endtime="20211122 16:51:45.424"/>
</kw>
<status status="PASS" starttime="20211122 16:51:45.422" endtime="20211122 16:51:45.424"/>
</test>
<test id="s1-s1-t3" name="Login With Incorrect Password">
<kw name="Create User And Input Login Command" type="SETUP">
<kw name="Create User" library="AppLibrary">
<arg>kalle</arg>
<arg>kalle123</arg>
<status status="PASS" starttime="20211122 16:51:45.426" endtime="20211122 16:51:45.426"/>
</kw>
<kw name="Input Login Command" library="resource">
<kw name="Input" library="AppLibrary">
<arg>login</arg>
<status status="PASS" starttime="20211122 16:51:45.426" endtime="20211122 16:51:45.426"/>
</kw>
<status status="PASS" starttime="20211122 16:51:45.426" endtime="20211122 16:51:45.426"/>
</kw>
<status status="PASS" starttime="20211122 16:51:45.425" endtime="20211122 16:51:45.426"/>
</kw>
<kw name="Input Credentials" library="resource">
<arg>kalle</arg>
<arg>321ellak</arg>
<kw name="Input" library="AppLibrary">
<arg>${username}</arg>
<status status="PASS" starttime="20211122 16:51:45.427" endtime="20211122 16:51:45.427"/>
</kw>
<kw name="Input" library="AppLibrary">
<arg>${password}</arg>
<status status="PASS" starttime="20211122 16:51:45.427" endtime="20211122 16:51:45.427"/>
</kw>
<kw name="Run Application" library="AppLibrary">
<status status="PASS" starttime="20211122 16:51:45.428" endtime="20211122 16:51:45.428"/>
</kw>
<status status="PASS" starttime="20211122 16:51:45.427" endtime="20211122 16:51:45.428"/>
</kw>
<kw name="Output Should Contain" library="AppLibrary">
<arg>Invalid username or password</arg>
<status status="PASS" starttime="20211122 16:51:45.428" endtime="20211122 16:51:45.428"/>
</kw>
<status status="PASS" starttime="20211122 16:51:45.425" endtime="20211122 16:51:45.428"/>
</test>
<status status="PASS" starttime="20211122 16:51:45.414" endtime="20211122 16:51:45.429"/>
</suite>
<status status="PASS" starttime="20211122 16:51:45.400" endtime="20211122 16:51:45.430"/>
</suite>
<statistics>
<total>
<stat pass="3" fail="0" skip="0">All Tests</stat>
</total>
<tag>
</tag>
<suite>
<stat pass="3" fail="0" skip="0" id="s1" name="Tests">Tests</stat>
<stat pass="3" fail="0" skip="0" id="s1-s1" name="Login">Tests.Login</stat>
</suite>
</statistics>
<errors>
</errors>
</robot>
